Thu Nov 08 14:22:19 2018: build-wrapper, version 5.1 (macosx-x86)
Thu Nov 08 14:22:19 2018: System name: Darwin Nodename: hahaha-2.local Release: 17.5.0 Version: Darwin Kernel Version 17.5.0: Mon Mar  5 22:24:32 PST 2018; root:xnu-4570.51.1~1/RELEASE_X86_64 Machine: x86_64
Thu Nov 08 14:22:19 2018: socket path: /tmp/build-wrapper-socket.0UrfmM
Thu Nov 08 14:22:19 2018: dynamic library found: /Users/penglimin/chopeAppSonar/chopeApp/build-wrapper-macosx-x86/libinterceptor.dylib
Thu Nov 08 14:22:19 2018: command executed as: <build-wrapper-macosx-x86>
Thu Nov 08 14:22:19 2018: command line received: <make clean all>
Thu Nov 08 14:22:19 2018: env 0: <VIRTUALENVWRAPPER_SCRIPT=/usr/local/bin/virtualenvwrapper.sh>
Thu Nov 08 14:22:19 2018: env 1: <VIRTUALENVWRAPPER_PROJECT_FILENAME=.project>
Thu Nov 08 14:22:19 2018: env 2: <TERM_PROGRAM=Apple_Terminal>
Thu Nov 08 14:22:19 2018: env 3: <SHELL=/bin/bash>
Thu Nov 08 14:22:19 2018: env 4: <TERM=xterm-256color>
Thu Nov 08 14:22:19 2018: env 5: <TMPDIR=/var/folders/q2/4bzgdzw50r78btx2rl0ytt3c0000gn/T/>
Thu Nov 08 14:22:19 2018: env 6: <Apple_PubSub_Socket_Render=/private/tmp/com.apple.launchd.4Pb3LXvcGR/Render>
Thu Nov 08 14:22:19 2018: env 7: <TERM_PROGRAM_VERSION=404>
Thu Nov 08 14:22:19 2018: env 8: <ANDROID_SDK_ROOT=/Users/penglimin/cocos2dx/android-sdk-macosx>
Thu Nov 08 14:22:19 2018: env 9: <OLDPWD=/Users/penglimin/chopeAppSonar>
Thu Nov 08 14:22:19 2018: env 10: <TERM_SESSION_ID=1C33483B-1A0F-4A8D-B40B-2DE89A6CC56A>
Thu Nov 08 14:22:19 2018: env 11: <COCOS_CONSOLE_ROOT=/Users/penglimin/cocos2dx/cocos2d-x-3.15.1/tools/cocos2d-console/bin>
Thu Nov 08 14:22:19 2018: env 12: <USER=penglimin>
Thu Nov 08 14:22:19 2018: env 13: <COCOS_TEMPLATES_ROOT=/Users/penglimin/cocos2dx/cocos2d-x-3.15.1/templates>
Thu Nov 08 14:22:19 2018: env 14: <SSH_AUTH_SOCK=/private/tmp/com.apple.launchd.B4DK3XIoY7/Listeners>
Thu Nov 08 14:22:19 2018: env 15: <WORKON_HOME=/Users/penglimin/workspace>
Thu Nov 08 14:22:19 2018: env 16: <PATH=/usr/local/opt/php@7.0/bin:/usr/local/sbin:/usr/local/sbin:/Library/Frameworks/Python.framework/Versions/3.6/bin:/Users/penglimin/.rbenv/shims:/Users/penglimin/.rbenv/bin:/usr/local/opt/openssl/bin:/Library/Frameworks/Python.framework/Versions/3.6/bin:/usr/local/mysql/bin:/Users/penglimin/cocos2dx/cocos2d-x-3.15.1/templates:/Users/penglimin/cocos2dx:/Users/penglimin/cocos2dx/cocos2d-x-3.15.1/tools/cocos2d-console/bin:/Users/penglimin/cocos2dx/android-sdk-macosx/tools:/Users/penglimin/cocos2dx/android-sdk-macosx/platform-tools:/Users/penglimin/cocos2dx/android-sdk-macosx:/Users/penglimin/cocos2dx/android-ndk-r14b:.;/usr/local/bin:/usr/bin:/bin:/usr/sbin:/sbin:/opt/X11/bin:/Library/Java/JavaVirtualMachines/jdk1.8.0.jdk/Contents/Home//bin:/Users/penglimin/chopeAppSonar/chopeApp/sonar-scanner-3.2.0.1227-macosx/bin:/Users/penglimin/chopeAppSonar/chopeApp/build-wrapper-macosx-x86:/usr/local/bin:/usr/local/mysql/bin>
Thu Nov 08 14:22:19 2018: env 17: <VIRTUALENVWRAPPER_HOOK_DIR=/Users/penglimin/workspace>
Thu Nov 08 14:22:19 2018: env 18: <VERSIONER_PYTHON_PREFER_64_BIT=no>
Thu Nov 08 14:22:19 2018: env 19: <PWD=/Users/penglimin/chopeAppSonar/sonarDukeTest>
Thu Nov 08 14:22:19 2018: env 20: <LANG=zh_CN.UTF-8>
Thu Nov 08 14:22:19 2018: env 21: <XPC_FLAGS=0x0>
Thu Nov 08 14:22:19 2018: env 22: <COCOS_X_ROOT=/Users/penglimin/cocos2dx>
Thu Nov 08 14:22:19 2018: env 23: <RBENV_SHELL=bash>
Thu Nov 08 14:22:19 2018: env 24: <XPC_SERVICE_NAME=0>
Thu Nov 08 14:22:19 2018: env 25: <SHLVL=1>
Thu Nov 08 14:22:19 2018: env 26: <HOME=/Users/penglimin>
Thu Nov 08 14:22:19 2018: env 27: <DYLD_LIBRARY_PATH=/usr/local/mysql/lib/>
Thu Nov 08 14:22:19 2018: env 28: <ANT_ROOT=/Users/penglimin/cocos2dx/apache-ant-1.10.1>
Thu Nov 08 14:22:19 2018: env 29: <LOGNAME=penglimin>
Thu Nov 08 14:22:19 2018: env 30: <VERSIONER_PYTHON_PREFER_32_BIT=yes>
Thu Nov 08 14:22:19 2018: env 31: <VIRTUALENVWRAPPER_WORKON_CD=1>
Thu Nov 08 14:22:19 2018: env 32: <DISPLAY=/private/tmp/com.apple.launchd.I5jrKCiEY7/org.macosforge.xquartz:0>
Thu Nov 08 14:22:19 2018: env 33: <NDK_ROOT=/Users/penglimin/cocos2dx/android-ndk-r14b>
Thu Nov 08 14:22:19 2018: env 34: <SECURITYSESSIONID=186a9>
Thu Nov 08 14:22:19 2018: env 35: <_=/Users/penglimin/chopeAppSonar/chopeApp/build-wrapper-macosx-x86/build-wrapper-macosx-x86>
Thu Nov 08 14:22:19 2018: executing: <make clean all>
Thu Nov 08 14:22:19 2018: initializing json file
Thu Nov 08 14:22:19 2018: process created with pid: 57671
Thu Nov 08 14:22:19 2018: parent pid: 57670
Thu Nov 08 14:22:19 2018: working directory: </Users/penglimin/chopeAppSonar/sonarDukeTest>
Thu Nov 08 14:22:19 2018: executable: </Users/penglimin/chopeAppSonar/chopeApp/build-wrapper-macosx-x86/build-wrapper-macosx-x86>
Thu Nov 08 14:22:19 2018: argv[0]: <build-wrapper-macosx-x86>
Thu Nov 08 14:22:19 2018: argv[1]: <-c>
Thu Nov 08 14:22:19 2018: argv[2]: <>
Thu Nov 08 14:22:19 2018: argv[3]: <make>
Thu Nov 08 14:22:19 2018: argv[4]: <clean>
Thu Nov 08 14:22:19 2018: argv[5]: <all>
Thu Nov 08 14:22:19 2018: skipping process with pid: 57671
Thu Nov 08 14:22:19 2018: process created with pid: 57672
Thu Nov 08 14:22:19 2018: parent pid: 57671
Thu Nov 08 14:22:19 2018: working directory: </Users/penglimin/chopeAppSonar/sonarDukeTest>
Thu Nov 08 14:22:19 2018: executable: </private/tmp/sonarsource-build-wrapper-cache-501/usr/bin/make>
Thu Nov 08 14:22:19 2018: argv[0]: <make>
Thu Nov 08 14:22:19 2018: argv[1]: <clean>
Thu Nov 08 14:22:19 2018: argv[2]: <all>
Thu Nov 08 14:22:19 2018: skipping process with pid: 57672
Thu Nov 08 14:22:19 2018: process created with pid: 57672
Thu Nov 08 14:22:19 2018: parent pid: 57671
Thu Nov 08 14:22:19 2018: working directory: </Users/penglimin/chopeAppSonar/sonarDukeTest>
Thu Nov 08 14:22:19 2018: executable: </Applications/Xcode.app/Contents/Developer/usr/bin/make>
Thu Nov 08 14:22:19 2018: argv[0]: </Applications/Xcode.app/Contents/Developer/usr/bin/make>
Thu Nov 08 14:22:19 2018: argv[1]: <clean>
Thu Nov 08 14:22:19 2018: argv[2]: <all>
Thu Nov 08 14:22:19 2018: skipping process with pid: 57672
Thu Nov 08 14:22:19 2018: finalizing json file
Thu Nov 08 14:22:19 2018: returned with code: 2
